Build started 6/12/2018 2:53:38 PM.
     1>Project "I:\Labs Comp 53\Project 8\Lab22\Lab22\Lab22.vcxproj" on node 2 (Build target(s)).
     1>ClCompile:
         C:\Program Files (x86)\Microsoft Visual Studio 12.0\VC\bin\CL.exe /c /ZI /nologo /W3 /WX- /Od /Oy- /D WIN32 /D _DEBUG /D _CONSOLE /D _LIB /D _UNICODE /D UNICODE /Gm /EHsc /RTC1 /MDd /GS /fp:precise /Zc:wchar_t /Zc:forScope /Fo"Debug\\" /Fd"Debug\vc120.pdb" /Gd /TP /analyze- /errorReport:prompt crystal.cpp fort.cpp game.cpp LinkedList.cpp location.cpp main.cpp monster.cpp player.cpp shield.cpp shop.cpp texture.cpp videoGame.cpp
         videoGame.cpp
     1>i:\labs comp 53\project 8\lab22\lab22\videogame.h(12): fatal error C1083: Cannot open include file: 'SDL.h': No such file or directory
         texture.cpp
     1>i:\labs comp 53\project 8\lab22\lab22\texture.cpp(116): warning C4309: '=' : truncation of constant value
         shop.cpp
     1>i:\labs comp 53\project 8\lab22\lab22\shop.cpp(8): fatal error C1083: Cannot open include file: 'SDL.h': No such file or directory
         shield.cpp
     1>i:\labs comp 53\project 8\lab22\lab22\videogame.h(12): fatal error C1083: Cannot open include file: 'SDL.h': No such file or directory
         player.cpp
     1>i:\labs comp 53\project 8\lab22\lab22\player.cpp(10): fatal error C1083: Cannot open include file: 'SDL.h': No such file or directory
         monster.cpp
     1>i:\labs comp 53\project 8\lab22\lab22\videogame.h(12): fatal error C1083: Cannot open include file: 'SDL.h': No such file or directory
         main.cpp
     1>i:\labs comp 53\project 8\lab22\lab22\videogame.h(12): fatal error C1083: Cannot open include file: 'SDL.h': No such file or directory
         location.cpp
     1>i:\labs comp 53\project 8\lab22\lab22\videogame.h(12): fatal error C1083: Cannot open include file: 'SDL.h': No such file or directory
         LinkedList.cpp
         game.cpp
     1>i:\labs comp 53\project 8\lab22\lab22\game.cpp(20): warning C4244: 'argument' : conversion from 'time_t' to 'unsigned int', possible loss of data
         Generating Code...
         Compiling...
         fort.cpp
     1>i:\labs comp 53\project 8\lab22\lab22\videogame.h(12): fatal error C1083: Cannot open include file: 'SDL.h': No such file or directory
         crystal.cpp
     1>i:\labs comp 53\project 8\lab22\lab22\videogame.h(12): fatal error C1083: Cannot open include file: 'SDL.h': No such file or directory
         Generating Code...
     1>Done Building Project "I:\Labs Comp 53\Project 8\Lab22\Lab22\Lab22.vcxproj" (Build target(s)) -- FAILED.

Build FAILED.

Time Elapsed 00:00:06.86
