Build started 2/21/2016 9:20:53 PM.
     1>Project "E:\Project 8 Drew Overgaard Comp 53 Final Edit\Project 8\Lab22\Lab22\Lab22.vcxproj" on node 2 (Build target(s)).
     1>ClCompile:
         C:\Program Files (x86)\Microsoft Visual Studio 12.0\VC\bin\CL.exe /c /ZI /nologo /W3 /WX- /Od /Oy- /D WIN32 /D _DEBUG /D _CONSOLE /D _LIB /D _UNICODE /D UNICODE /Gm /EHsc /RTC1 /MDd /GS /fp:precise /Zc:wchar_t /Zc:forScope /Fo"Debug\\" /Fd"Debug\vc120.pdb" /Gd /TP /analyze- /errorReport:prompt crystal.cpp fort.cpp game.cpp LinkedList.cpp location.cpp main.cpp monster.cpp player.cpp shield.cpp shop.cpp texture.cpp videoGame.cpp
         videoGame.cpp
         texture.cpp
     1>e:\project 8 drew overgaard comp 53 final edit\project 8\lab22\lab22\texture.cpp(120): warning C4309: '=' : truncation of constant value
         shop.cpp
     1>e:\project 8 drew overgaard comp 53 final edit\project 8\lab22\lab22\shop.cpp(73): warning C4101: 'playerRe2' : unreferenced local variable
         shield.cpp
         player.cpp
         monster.cpp
     1>e:\project 8 drew overgaard comp 53 final edit\project 8\lab22\lab22\monster.cpp(46): warning C4244: 'argument' : conversion from 'time_t' to 'unsigned int', possible loss of data
         main.cpp
         location.cpp
         LinkedList.cpp
         game.cpp
     1>e:\project 8 drew overgaard comp 53 final edit\project 8\lab22\lab22\game.cpp(24): warning C4244: 'argument' : conversion from 'time_t' to 'unsigned int', possible loss of data
         fort.cpp
         crystal.cpp
         Generating Code...
       Link:
         C:\Program Files (x86)\Microsoft Visual Studio 12.0\VC\bin\link.exe /ERRORREPORT:PROMPT /OUT:"E:\Project 8 Drew Overgaard Comp 53 Final Edit\Project 8\Lab22\Debug\Lab22.exe" /INCREMENTAL /NOLOGO winmm.lib kernel32.lib user32.lib gdi32.lib winspool.lib comdlg32.lib advapi32.lib shell32.lib ole32.lib oleaut32.lib uuid.lib odbc32.lib odbccp32.lib /MANIFEST /MANIFESTUAC:"level='asInvoker' uiAccess='false'" /manifest:embed /DEBUG /PDB:"E:\Project 8 Drew Overgaard Comp 53 Final Edit\Project 8\Lab22\Debug\Lab22.pdb" /SUBSYSTEM:CONSOLE /TLBID:1 /DYNAMICBASE /NXCOMPAT /IMPLIB:"E:\Project 8 Drew Overgaard Comp 53 Final Edit\Project 8\Lab22\Debug\Lab22.lib" /MACHINE:X86 opengl32.lib glu32.lib glut32.lib SDL2main.lib SDL2.lib Debug\crystal.obj
         Debug\fort.obj
         Debug\game.obj
         Debug\LinkedList.obj
         Debug\location.obj
         Debug\main.obj
         Debug\monster.obj
         Debug\player.obj
         Debug\shield.obj
         Debug\shop.obj
         Debug\texture.obj
         Debug\videoGame.obj
         LINK : E:\Project 8 Drew Overgaard Comp 53 Final Edit\Project 8\Lab22\Debug\Lab22.exe not found or not built by the last incremental link; performing full link
     1>MSVCRTD.lib(cinitexe.obj) : warning LNK4098: defaultlib 'msvcrt.lib' conflicts with use of other libs; use /NODEFAULTLIB:library
         Lab22.vcxproj -> E:\Project 8 Drew Overgaard Comp 53 Final Edit\Project 8\Lab22\Debug\Lab22.exe
     1>Done Building Project "E:\Project 8 Drew Overgaard Comp 53 Final Edit\Project 8\Lab22\Lab22\Lab22.vcxproj" (Build target(s)).

Build succeeded.

Time Elapsed 00:00:21.13
